<?xml version="1.0" encoding="UTF-8"?>
<!-- Generated by org.testng.reporters.JUnitXMLReporter -->
<testsuite ignored="0" hostname="DESKTOP-K5323UE" failures="0" tests="60" name="Default test" time="54.334" errors="0" timestamp="2024-04-28T15:12:24 IST">
  <testcase classname="com.reqers.testcases.DELETE_User_TestCase" name="checkResponseBody" time="0.025"/>
  <testcase classname="com.reqers.testcases.DELETE_User_TestCase" name="checkStatusCode" time="0.013"/>
  <testcase classname="com.reqers.testcases.DELETE_User_TestCase" name="checkStatusLine" time="0.014"/>
  <testcase classname="com.reqers.testcases.GET_SingleUserNotFound_TestCase" name="checkContentType" time="0.003"/>
  <testcase classname="com.reqers.testcases.GET_SingleUserNotFound_TestCase" name="checkResponseBody" time="0.002"/>
  <testcase classname="com.reqers.testcases.GET_SingleUserNotFound_TestCase" name="checkResponseTime" time="0.012"/>
  <testcase classname="com.reqers.testcases.GET_SingleUserNotFound_TestCase" name="checkServerType" time="0.003"/>
  <testcase classname="com.reqers.testcases.GET_SingleUserNotFound_TestCase" name="checkStatusCode" time="0.002"/>
  <testcase classname="com.reqers.testcases.GET_SingleUserNotFound_TestCase" name="checkStatusLine" time="0.014"/>
  <testcase classname="com.reqers.testcases.POST_CreateUser_TestCase" name="checkResponseBody" time="0.002"/>
  <testcase classname="com.reqers.testcases.POST_CreateUser_TestCase" name="checkStatusCode" time="0.002"/>
  <testcase classname="com.reqers.testcases.POST_CreateUser_TestCase" name="checkStatusLine" time="0.007"/>
  <testcase classname="com.reqers.testcases.PATCH_UpdateUser_TestCase" name="checkResponseBody" time="0.004"/>
  <testcase classname="com.reqers.testcases.PATCH_UpdateUser_TestCase" name="checkStatusCode" time="0.002"/>
  <testcase classname="com.reqers.testcases.PATCH_UpdateUser_TestCase" name="checkStatusLine" time="0.015"/>
  <testcase classname="com.reqers.testcases.POST_LoginFail_TestCase" name="checkResponseBody" time="0.002"/>
  <testcase classname="com.reqers.testcases.POST_LoginFail_TestCase" name="checkStatusCode" time="0.003"/>
  <testcase classname="com.reqers.testcases.POST_LoginFail_TestCase" name="checkStatusLine" time="0.003"/>
  <testcase classname="com.reqers.testcases.GET_DelayedResponse_TestCase" name="checkContentType" time="0.002"/>
  <testcase classname="com.reqers.testcases.GET_DelayedResponse_TestCase" name="checkResponseBody" time="0.002"/>
  <testcase classname="com.reqers.testcases.GET_DelayedResponse_TestCase" name="checkResponseTime" time="0.002"/>
  <testcase classname="com.reqers.testcases.GET_DelayedResponse_TestCase" name="checkServerType" time="0.002"/>
  <testcase classname="com.reqers.testcases.GET_DelayedResponse_TestCase" name="checkStatusCode" time="0.002"/>
  <testcase classname="com.reqers.testcases.GET_DelayedResponse_TestCase" name="checkStatusLine" time="0.002"/>
  <testcase classname="com.reqers.testcases.GET_ListResource_TestCase" name="checkContentType" time="0.002"/>
  <testcase classname="com.reqers.testcases.GET_ListResource_TestCase" name="checkResponseBody" time="0.002"/>
  <testcase classname="com.reqers.testcases.GET_ListResource_TestCase" name="checkResponseTime" time="0.003"/>
  <testcase classname="com.reqers.testcases.GET_ListResource_TestCase" name="checkServerType" time="0.001"/>
  <testcase classname="com.reqers.testcases.GET_ListResource_TestCase" name="checkStatusCode" time="0.002"/>
  <testcase classname="com.reqers.testcases.GET_ListResource_TestCase" name="checkStatusLine" time="0.002"/>
  <testcase classname="com.reqers.testcases.POST_Registration_TestCase" name="checkResponseBody" time="0.001"/>
  <testcase classname="com.reqers.testcases.POST_Registration_TestCase" name="checkStatusCode" time="0.006"/>
  <testcase classname="com.reqers.testcases.POST_Registration_TestCase" name="checkStatusLine" time="0.002"/>
  <testcase classname="com.reqers.testcases.GET_UserList_TestCase" name="checkContentType" time="0.002"/>
  <testcase classname="com.reqers.testcases.GET_UserList_TestCase" name="checkResponseBody" time="0.002"/>
  <testcase classname="com.reqers.testcases.GET_UserList_TestCase" name="checkResponseTime" time="0.002"/>
  <testcase classname="com.reqers.testcases.GET_UserList_TestCase" name="checkServerType" time="0.001"/>
  <testcase classname="com.reqers.testcases.GET_UserList_TestCase" name="checkStatusCode" time="0.001"/>
  <testcase classname="com.reqers.testcases.GET_UserList_TestCase" name="checkStatusLine" time="0.004"/>
  <testcase classname="com.reqers.testcases.PUT_UpdateUser_TestCase" name="checkResponseBody" time="0.002"/>
  <testcase classname="com.reqers.testcases.PUT_UpdateUser_TestCase" name="checkStatusCode" time="0.002"/>
  <testcase classname="com.reqers.testcases.PUT_UpdateUser_TestCase" name="checkStatusLine" time="0.008"/>
  <testcase classname="com.reqers.testcases.POST_RegistrationFail_TestCase" name="checkResponseBody" time="0.003"/>
  <testcase classname="com.reqers.testcases.POST_RegistrationFail_TestCase" name="checkStatusCode" time="0.002"/>
  <testcase classname="com.reqers.testcases.POST_RegistrationFail_TestCase" name="checkStatusLine" time="0.007"/>
  <testcase classname="com.reqers.testcases.GET_SingleUser_TestCase" name="checkContentType" time="0.002"/>
  <testcase classname="com.reqers.testcases.GET_SingleUser_TestCase" name="checkResponseBody" time="0.002"/>
  <testcase classname="com.reqers.testcases.GET_SingleUser_TestCase" name="checkResponseTime" time="0.002"/>
  <testcase classname="com.reqers.testcases.GET_SingleUser_TestCase" name="checkServerType" time="0.002"/>
  <testcase classname="com.reqers.testcases.GET_SingleUser_TestCase" name="checkStatusCode" time="0.001"/>
  <testcase classname="com.reqers.testcases.GET_SingleUser_TestCase" name="checkStatusLine" time="0.001"/>
  <testcase classname="com.reqers.testcases.POST_Login_TestCase" name="checkResponseBody" time="0.002"/>
  <testcase classname="com.reqers.testcases.POST_Login_TestCase" name="checkStatusCode" time="0.001"/>
  <testcase classname="com.reqers.testcases.POST_Login_TestCase" name="checkStatusLine" time="0.001"/>
  <testcase classname="com.reqers.testcases.GET_SingleResource_TestCase" name="checkContentType" time="0.002"/>
  <testcase classname="com.reqers.testcases.GET_SingleResource_TestCase" name="checkResponseBody" time="0.003"/>
  <testcase classname="com.reqers.testcases.GET_SingleResource_TestCase" name="checkResponseTime" time="0.002"/>
  <testcase classname="com.reqers.testcases.GET_SingleResource_TestCase" name="checkServerType" time="0.002"/>
  <testcase classname="com.reqers.testcases.GET_SingleResource_TestCase" name="checkStatusCode" time="0.003"/>
  <testcase classname="com.reqers.testcases.GET_SingleResource_TestCase" name="checkStatusLine" time="0.001"/>
</testsuite> <!-- Default test -->
