<?xml version="1.0" encoding="UTF-8"?>
<testng-results ignored="0" total="60" passed="60" failed="0" skipped="0">
  <reporter-output>
    <line>
      <![CDATA[Response Body is => io.restassured.internal.RestAssuredResponseImpl@53d9826f]]>
    </line>
    <line>
      <![CDATA[Status Code is => 404]]>
    </line>
    <line>
      <![CDATA[Status Line is => HTTP/1.1 404 Not Found]]>
    </line>
    <line>
      <![CDATA[Content Type is => application/json; charset=utf-8]]>
    </line>
    <line>
      <![CDATA[Response Body is => io.restassured.internal.RestAssuredResponseImpl@4ef2ab73]]>
    </line>
    <line>
      <![CDATA[Response Time is => 499]]>
    </line>
    <line>
      <![CDATA[Response Time is < 2000 ]]>
    </line>
    <line>
      <![CDATA[Server Type is => cloudflare]]>
    </line>
    <line>
      <![CDATA[Status Code is => 404]]>
    </line>
    <line>
      <![CDATA[Status Line is => HTTP/1.1 404 Not Found]]>
    </line>
    <line>
      <![CDATA[Response Body is => io.restassured.internal.RestAssuredResponseImpl@75b38c36]]>
    </line>
    <line>
      <![CDATA[Status Code is => 201]]>
    </line>
    <line>
      <![CDATA[Status Line is => HTTP/1.1 201 Created]]>
    </line>
    <line>
      <![CDATA[Response Body is => io.restassured.internal.RestAssuredResponseImpl@6d672bd4]]>
    </line>
    <line>
      <![CDATA[Status Code is => 200]]>
    </line>
    <line>
      <![CDATA[Status Line is => HTTP/1.1 200 OK]]>
    </line>
    <line>
      <![CDATA[Response Body is => io.restassured.internal.RestAssuredResponseImpl@4b8137c5]]>
    </line>
    <line>
      <![CDATA[Status Code is => 400]]>
    </line>
    <line>
      <![CDATA[Status Line is => HTTP/1.1 400 Bad Request]]>
    </line>
    <line>
      <![CDATA[Content Type is => application/json; charset=utf-8]]>
    </line>
    <line>
      <![CDATA[Response Body is => io.restassured.internal.RestAssuredResponseImpl@2f677247]]>
    </line>
    <line>
      <![CDATA[Response Time is => 3447]]>
    </line>
    <line>
      <![CDATA[Response Time is > 2000 ]]>
    </line>
    <line>
      <![CDATA[Server Type is => cloudflare]]>
    </line>
    <line>
      <![CDATA[Status Code is => 200]]>
    </line>
    <line>
      <![CDATA[Status Line is => HTTP/1.1 200 OK]]>
    </line>
    <line>
      <![CDATA[Content Type is => application/json; charset=utf-8]]>
    </line>
    <line>
      <![CDATA[Response Body is => io.restassured.internal.RestAssuredResponseImpl@d13960e]]>
    </line>
    <line>
      <![CDATA[Response Time is => 440]]>
    </line>
    <line>
      <![CDATA[Response Time is < 2000 ]]>
    </line>
    <line>
      <![CDATA[Server Type is => cloudflare]]>
    </line>
    <line>
      <![CDATA[Status Code is => 200]]>
    </line>
    <line>
      <![CDATA[Status Line is => HTTP/1.1 200 OK]]>
    </line>
    <line>
      <![CDATA[Response Body is => io.restassured.internal.RestAssuredResponseImpl@4a9a878]]>
    </line>
    <line>
      <![CDATA[Status Code is => 200]]>
    </line>
    <line>
      <![CDATA[Status Line is => HTTP/1.1 200 OK]]>
    </line>
    <line>
      <![CDATA[Content Type is => application/json]]>
    </line>
    <line>
      <![CDATA[Response Body is => io.restassured.internal.RestAssuredResponseImpl@64e7d698]]>
    </line>
    <line>
      <![CDATA[Response Time is => 1491]]>
    </line>
    <line>
      <![CDATA[Response Time is < 2000 ]]>
    </line>
    <line>
      <![CDATA[Server Type is => nginx/1.21.6]]>
    </line>
    <line>
      <![CDATA[Status Code is => 200]]>
    </line>
    <line>
      <![CDATA[Status Line is => HTTP/1.1 200 OK]]>
    </line>
    <line>
      <![CDATA[Response Body is => io.restassured.internal.RestAssuredResponseImpl@63fd4dda]]>
    </line>
    <line>
      <![CDATA[Status Code is => 200]]>
    </line>
    <line>
      <![CDATA[Status Line is => HTTP/1.1 200 OK]]>
    </line>
    <line>
      <![CDATA[Response Body is => io.restassured.internal.RestAssuredResponseImpl@11d4d979]]>
    </line>
    <line>
      <![CDATA[Status Code is => 400]]>
    </line>
    <line>
      <![CDATA[Status Line is => HTTP/1.1 400 Bad Request]]>
    </line>
    <line>
      <![CDATA[Content Type is => application/json; charset=utf-8]]>
    </line>
    <line>
      <![CDATA[Response Body is => io.restassured.internal.RestAssuredResponseImpl@467045c4]]>
    </line>
    <line>
      <![CDATA[Response Time is => 108]]>
    </line>
    <line>
      <![CDATA[Response Time is < 2000 ]]>
    </line>
    <line>
      <![CDATA[Server Type is => cloudflare]]>
    </line>
    <line>
      <![CDATA[Status Code is => 200]]>
    </line>
    <line>
      <![CDATA[Status Line is => HTTP/1.1 200 OK]]>
    </line>
    <line>
      <![CDATA[Response Body is => io.restassured.internal.RestAssuredResponseImpl@4017fe2c]]>
    </line>
    <line>
      <![CDATA[Status Code is => 200]]>
    </line>
    <line>
      <![CDATA[Status Line is => HTTP/1.1 200 OK]]>
    </line>
    <line>
      <![CDATA[Content Type is => application/json; charset=utf-8]]>
    </line>
    <line>
      <![CDATA[Response Body is => io.restassured.internal.RestAssuredResponseImpl@6274f21c]]>
    </line>
    <line>
      <![CDATA[Response Time is => 417]]>
    </line>
    <line>
      <![CDATA[Response Time is < 2000 ]]>
    </line>
    <line>
      <![CDATA[Server Type is => cloudflare]]>
    </line>
    <line>
      <![CDATA[Status Code is => 200]]>
    </line>
    <line>
      <![CDATA[Status Line is => HTTP/1.1 200 OK]]>
    </line>
  </reporter-output>
  <suite started-at="2024-04-28T15:11:29 IST" name="Default suite" finished-at="2024-04-28T15:12:23 IST" duration-ms="54334">
    <groups>
    </groups>
    <test started-at="2024-04-28T15:11:29 IST" name="Default test" finished-at="2024-04-28T15:12:23 IST" duration-ms="54334">
      <class name="com.reqers.testcases.DELETE_User_TestCase">
        <test-method is-config="true" signature="deleteUser()[pri:0, instance:com.reqers.testcases.DELETE_User_TestCase@7b98f307]" started-at="2024-04-28T15:11:29 IST" name="deleteUser" finished-at="2024-04-28T15:11:38 IST" duration-ms="8801" status="PASS">
          <reporter-output>
          </reporter-output>
        </test-method> <!-- deleteUser -->
        <test-method signature="checkResponseBody()[pri:0, instance:com.reqers.testcases.DELETE_User_TestCase@7b98f307]" started-at="2024-04-28T15:11:38 IST" name="checkResponseBody" finished-at="2024-04-28T15:11:38 IST" duration-ms="25" status="PASS">
          <reporter-output>
            <line>
              <![CDATA[Response Body is => io.restassured.internal.RestAssuredResponseImpl@53d9826f]]>
            </line>
          </reporter-output>
        </test-method> <!-- checkResponseBody -->
        <test-method signature="checkStatusCode()[pri:0, instance:com.reqers.testcases.DELETE_User_TestCase@7b98f307]" started-at="2024-04-28T15:11:38 IST" name="checkStatusCode" finished-at="2024-04-28T15:11:38 IST" duration-ms="13" status="PASS">
          <reporter-output>
            <line>
              <![CDATA[Status Code is => 404]]>
            </line>
          </reporter-output>
        </test-method> <!-- checkStatusCode -->
        <test-method signature="checkStatusLine()[pri:0, instance:com.reqers.testcases.DELETE_User_TestCase@7b98f307]" started-at="2024-04-28T15:11:38 IST" name="checkStatusLine" finished-at="2024-04-28T15:11:38 IST" duration-ms="14" status="PASS">
          <reporter-output>
            <line>
              <![CDATA[Status Line is => HTTP/1.1 404 Not Found]]>
            </line>
          </reporter-output>
        </test-method> <!-- checkStatusLine -->
      </class> <!-- com.reqers.testcases.DELETE_User_TestCase -->
      <class name="com.reqers.testcases.GET_SingleUserNotFound_TestCase">
        <test-method is-config="true" signature="getAllUsers()[pri:0, instance:com.reqers.testcases.GET_SingleUserNotFound_TestCase@1bb5a082]" started-at="2024-04-28T15:11:38 IST" name="getAllUsers" finished-at="2024-04-28T15:11:39 IST" duration-ms="525" status="PASS">
          <reporter-output>
          </reporter-output>
        </test-method> <!-- getAllUsers -->
        <test-method signature="checkContentType()[pri:0, instance:com.reqers.testcases.GET_SingleUserNotFound_TestCase@1bb5a082]" started-at="2024-04-28T15:11:39 IST" name="checkContentType" finished-at="2024-04-28T15:11:39 IST" duration-ms="3" status="PASS">
          <reporter-output>
            <line>
              <![CDATA[Content Type is => application/json; charset=utf-8]]>
            </line>
          </reporter-output>
        </test-method> <!-- checkContentType -->
        <test-method signature="checkResponseBody()[pri:0, instance:com.reqers.testcases.GET_SingleUserNotFound_TestCase@1bb5a082]" started-at="2024-04-28T15:11:39 IST" name="checkResponseBody" finished-at="2024-04-28T15:11:39 IST" duration-ms="2" status="PASS">
          <reporter-output>
            <line>
              <![CDATA[Response Body is => io.restassured.internal.RestAssuredResponseImpl@4ef2ab73]]>
            </line>
          </reporter-output>
        </test-method> <!-- checkResponseBody -->
        <test-method signature="checkResponseTime()[pri:0, instance:com.reqers.testcases.GET_SingleUserNotFound_TestCase@1bb5a082]" started-at="2024-04-28T15:11:39 IST" name="checkResponseTime" finished-at="2024-04-28T15:11:39 IST" duration-ms="12" status="PASS">
          <reporter-output>
            <line>
              <![CDATA[Response Time is => 499]]>
            </line>
            <line>
              <![CDATA[Response Time is < 2000 ]]>
            </line>
          </reporter-output>
        </test-method> <!-- checkResponseTime -->
        <test-method signature="checkServerType()[pri:0, instance:com.reqers.testcases.GET_SingleUserNotFound_TestCase@1bb5a082]" started-at="2024-04-28T15:11:39 IST" name="checkServerType" finished-at="2024-04-28T15:11:39 IST" duration-ms="3" status="PASS">
          <reporter-output>
            <line>
              <![CDATA[Server Type is => cloudflare]]>
            </line>
          </reporter-output>
        </test-method> <!-- checkServerType -->
        <test-method signature="checkStatusCode()[pri:0, instance:com.reqers.testcases.GET_SingleUserNotFound_TestCase@1bb5a082]" started-at="2024-04-28T15:11:39 IST" name="checkStatusCode" finished-at="2024-04-28T15:11:39 IST" duration-ms="2" status="PASS">
          <reporter-output>
            <line>
              <![CDATA[Status Code is => 404]]>
            </line>
          </reporter-output>
        </test-method> <!-- checkStatusCode -->
        <test-method signature="checkStatusLine()[pri:0, instance:com.reqers.testcases.GET_SingleUserNotFound_TestCase@1bb5a082]" started-at="2024-04-28T15:11:39 IST" name="checkStatusLine" finished-at="2024-04-28T15:11:39 IST" duration-ms="14" status="PASS">
          <reporter-output>
            <line>
              <![CDATA[Status Line is => HTTP/1.1 404 Not Found]]>
            </line>
          </reporter-output>
        </test-method> <!-- checkStatusLine -->
      </class> <!-- com.reqers.testcases.GET_SingleUserNotFound_TestCase -->
      <class name="com.reqers.testcases.PATCH_UpdateUser_TestCase">
        <test-method is-config="true" signature="updateUsers()[pri:0, instance:com.reqers.testcases.PATCH_UpdateUser_TestCase@41d477ed]" started-at="2024-04-28T15:11:44 IST" name="updateUsers" finished-at="2024-04-28T15:11:50 IST" duration-ms="5532" status="PASS">
          <reporter-output>
          </reporter-output>
        </test-method> <!-- updateUsers -->
        <test-method signature="checkResponseBody()[pri:0, instance:com.reqers.testcases.PATCH_UpdateUser_TestCase@41d477ed]" started-at="2024-04-28T15:11:50 IST" name="checkResponseBody" finished-at="2024-04-28T15:11:50 IST" duration-ms="4" status="PASS">
          <reporter-output>
            <line>
              <![CDATA[Response Body is => io.restassured.internal.RestAssuredResponseImpl@6d672bd4]]>
            </line>
          </reporter-output>
        </test-method> <!-- checkResponseBody -->
        <test-method signature="checkStatusCode()[pri:0, instance:com.reqers.testcases.PATCH_UpdateUser_TestCase@41d477ed]" started-at="2024-04-28T15:11:50 IST" name="checkStatusCode" finished-at="2024-04-28T15:11:50 IST" duration-ms="2" status="PASS">
          <reporter-output>
            <line>
              <![CDATA[Status Code is => 200]]>
            </line>
          </reporter-output>
        </test-method> <!-- checkStatusCode -->
        <test-method signature="checkStatusLine()[pri:0, instance:com.reqers.testcases.PATCH_UpdateUser_TestCase@41d477ed]" started-at="2024-04-28T15:11:50 IST" name="checkStatusLine" finished-at="2024-04-28T15:11:50 IST" duration-ms="15" status="PASS">
          <reporter-output>
            <line>
              <![CDATA[Status Line is => HTTP/1.1 200 OK]]>
            </line>
          </reporter-output>
        </test-method> <!-- checkStatusLine -->
      </class> <!-- com.reqers.testcases.PATCH_UpdateUser_TestCase -->
      <class name="com.reqers.testcases.POST_CreateUser_TestCase">
        <test-method is-config="true" signature="postNewUsers()[pri:0, instance:com.reqers.testcases.POST_CreateUser_TestCase@78691363]" started-at="2024-04-28T15:11:39 IST" name="postNewUsers" finished-at="2024-04-28T15:11:44 IST" duration-ms="5538" status="PASS">
          <reporter-output>
          </reporter-output>
        </test-method> <!-- postNewUsers -->
        <test-method signature="checkResponseBody()[pri:0, instance:com.reqers.testcases.POST_CreateUser_TestCase@78691363]" started-at="2024-04-28T15:11:44 IST" name="checkResponseBody" finished-at="2024-04-28T15:11:44 IST" duration-ms="2" status="PASS">
          <reporter-output>
            <line>
              <![CDATA[Response Body is => io.restassured.internal.RestAssuredResponseImpl@75b38c36]]>
            </line>
          </reporter-output>
        </test-method> <!-- checkResponseBody -->
        <test-method signature="checkStatusCode()[pri:0, instance:com.reqers.testcases.POST_CreateUser_TestCase@78691363]" started-at="2024-04-28T15:11:44 IST" name="checkStatusCode" finished-at="2024-04-28T15:11:44 IST" duration-ms="2" status="PASS">
          <reporter-output>
            <line>
              <![CDATA[Status Code is => 201]]>
            </line>
          </reporter-output>
        </test-method> <!-- checkStatusCode -->
        <test-method signature="checkStatusLine()[pri:0, instance:com.reqers.testcases.POST_CreateUser_TestCase@78691363]" started-at="2024-04-28T15:11:44 IST" name="checkStatusLine" finished-at="2024-04-28T15:11:44 IST" duration-ms="7" status="PASS">
          <reporter-output>
            <line>
              <![CDATA[Status Line is => HTTP/1.1 201 Created]]>
            </line>
          </reporter-output>
        </test-method> <!-- checkStatusLine -->
      </class> <!-- com.reqers.testcases.POST_CreateUser_TestCase -->
      <class name="com.reqers.testcases.POST_LoginFail_TestCase">
        <test-method is-config="true" signature="postLoginFail()[pri:0, instance:com.reqers.testcases.POST_LoginFail_TestCase@3590fc5b]" started-at="2024-04-28T15:11:50 IST" name="postLoginFail" finished-at="2024-04-28T15:11:55 IST" duration-ms="5463" status="PASS">
          <reporter-output>
          </reporter-output>
        </test-method> <!-- postLoginFail -->
        <test-method signature="checkResponseBody()[pri:0, instance:com.reqers.testcases.POST_LoginFail_TestCase@3590fc5b]" started-at="2024-04-28T15:11:55 IST" name="checkResponseBody" finished-at="2024-04-28T15:11:55 IST" duration-ms="2" status="PASS">
          <reporter-output>
            <line>
              <![CDATA[Response Body is => io.restassured.internal.RestAssuredResponseImpl@4b8137c5]]>
            </line>
          </reporter-output>
        </test-method> <!-- checkResponseBody -->
        <test-method signature="checkStatusCode()[pri:0, instance:com.reqers.testcases.POST_LoginFail_TestCase@3590fc5b]" started-at="2024-04-28T15:11:55 IST" name="checkStatusCode" finished-at="2024-04-28T15:11:55 IST" duration-ms="3" status="PASS">
          <reporter-output>
            <line>
              <![CDATA[Status Code is => 400]]>
            </line>
          </reporter-output>
        </test-method> <!-- checkStatusCode -->
        <test-method signature="checkStatusLine()[pri:0, instance:com.reqers.testcases.POST_LoginFail_TestCase@3590fc5b]" started-at="2024-04-28T15:11:55 IST" name="checkStatusLine" finished-at="2024-04-28T15:11:55 IST" duration-ms="3" status="PASS">
          <reporter-output>
            <line>
              <![CDATA[Status Line is => HTTP/1.1 400 Bad Request]]>
            </line>
          </reporter-output>
        </test-method> <!-- checkStatusLine -->
      </class> <!-- com.reqers.testcases.POST_LoginFail_TestCase -->
      <class name="com.reqers.testcases.GET_ListResource_TestCase">
        <test-method is-config="true" signature="getAllUsers()[pri:0, instance:com.reqers.testcases.GET_ListResource_TestCase@33d512c1]" started-at="2024-04-28T15:11:59 IST" name="getAllUsers" finished-at="2024-04-28T15:11:59 IST" duration-ms="459" status="PASS">
          <reporter-output>
          </reporter-output>
        </test-method> <!-- getAllUsers -->
        <test-method signature="checkContentType()[pri:0, instance:com.reqers.testcases.GET_ListResource_TestCase@33d512c1]" started-at="2024-04-28T15:11:59 IST" name="checkContentType" finished-at="2024-04-28T15:11:59 IST" duration-ms="2" status="PASS">
          <reporter-output>
            <line>
              <![CDATA[Content Type is => application/json; charset=utf-8]]>
            </line>
          </reporter-output>
        </test-method> <!-- checkContentType -->
        <test-method signature="checkResponseBody()[pri:0, instance:com.reqers.testcases.GET_ListResource_TestCase@33d512c1]" started-at="2024-04-28T15:11:59 IST" name="checkResponseBody" finished-at="2024-04-28T15:11:59 IST" duration-ms="2" status="PASS">
          <reporter-output>
            <line>
              <![CDATA[Response Body is => io.restassured.internal.RestAssuredResponseImpl@d13960e]]>
            </line>
          </reporter-output>
        </test-method> <!-- checkResponseBody -->
        <test-method signature="checkResponseTime()[pri:0, instance:com.reqers.testcases.GET_ListResource_TestCase@33d512c1]" started-at="2024-04-28T15:11:59 IST" name="checkResponseTime" finished-at="2024-04-28T15:11:59 IST" duration-ms="3" status="PASS">
          <reporter-output>
            <line>
              <![CDATA[Response Time is => 440]]>
            </line>
            <line>
              <![CDATA[Response Time is < 2000 ]]>
            </line>
          </reporter-output>
        </test-method> <!-- checkResponseTime -->
        <test-method signature="checkServerType()[pri:0, instance:com.reqers.testcases.GET_ListResource_TestCase@33d512c1]" started-at="2024-04-28T15:11:59 IST" name="checkServerType" finished-at="2024-04-28T15:11:59 IST" duration-ms="1" status="PASS">
          <reporter-output>
            <line>
              <![CDATA[Server Type is => cloudflare]]>
            </line>
          </reporter-output>
        </test-method> <!-- checkServerType -->
        <test-method signature="checkStatusCode()[pri:0, instance:com.reqers.testcases.GET_ListResource_TestCase@33d512c1]" started-at="2024-04-28T15:11:59 IST" name="checkStatusCode" finished-at="2024-04-28T15:11:59 IST" duration-ms="2" status="PASS">
          <reporter-output>
            <line>
              <![CDATA[Status Code is => 200]]>
            </line>
          </reporter-output>
        </test-method> <!-- checkStatusCode -->
        <test-method signature="checkStatusLine()[pri:0, instance:com.reqers.testcases.GET_ListResource_TestCase@33d512c1]" started-at="2024-04-28T15:11:59 IST" name="checkStatusLine" finished-at="2024-04-28T15:11:59 IST" duration-ms="2" status="PASS">
          <reporter-output>
            <line>
              <![CDATA[Status Line is => HTTP/1.1 200 OK]]>
            </line>
          </reporter-output>
        </test-method> <!-- checkStatusLine -->
      </class> <!-- com.reqers.testcases.GET_ListResource_TestCase -->
      <class name="com.reqers.testcases.GET_DelayedResponse_TestCase">
        <test-method is-config="true" signature="getdelayResponse()[pri:0, instance:com.reqers.testcases.GET_DelayedResponse_TestCase@397fbdb]" started-at="2024-04-28T15:11:55 IST" name="getdelayResponse" finished-at="2024-04-28T15:11:59 IST" duration-ms="3470" status="PASS">
          <reporter-output>
          </reporter-output>
        </test-method> <!-- getdelayResponse -->
        <test-method signature="checkContentType()[pri:0, instance:com.reqers.testcases.GET_DelayedResponse_TestCase@397fbdb]" started-at="2024-04-28T15:11:59 IST" name="checkContentType" finished-at="2024-04-28T15:11:59 IST" duration-ms="2" status="PASS">
          <reporter-output>
            <line>
              <![CDATA[Content Type is => application/json; charset=utf-8]]>
            </line>
          </reporter-output>
        </test-method> <!-- checkContentType -->
        <test-method signature="checkResponseBody()[pri:0, instance:com.reqers.testcases.GET_DelayedResponse_TestCase@397fbdb]" started-at="2024-04-28T15:11:59 IST" name="checkResponseBody" finished-at="2024-04-28T15:11:59 IST" duration-ms="2" status="PASS">
          <reporter-output>
            <line>
              <![CDATA[Response Body is => io.restassured.internal.RestAssuredResponseImpl@2f677247]]>
            </line>
          </reporter-output>
        </test-method> <!-- checkResponseBody -->
        <test-method signature="checkResponseTime()[pri:0, instance:com.reqers.testcases.GET_DelayedResponse_TestCase@397fbdb]" started-at="2024-04-28T15:11:59 IST" name="checkResponseTime" finished-at="2024-04-28T15:11:59 IST" duration-ms="2" status="PASS">
          <reporter-output>
            <line>
              <![CDATA[Response Time is => 3447]]>
            </line>
            <line>
              <![CDATA[Response Time is > 2000 ]]>
            </line>
          </reporter-output>
        </test-method> <!-- checkResponseTime -->
        <test-method signature="checkServerType()[pri:0, instance:com.reqers.testcases.GET_DelayedResponse_TestCase@397fbdb]" started-at="2024-04-28T15:11:59 IST" name="checkServerType" finished-at="2024-04-28T15:11:59 IST" duration-ms="2" status="PASS">
          <reporter-output>
            <line>
              <![CDATA[Server Type is => cloudflare]]>
            </line>
          </reporter-output>
        </test-method> <!-- checkServerType -->
        <test-method signature="checkStatusCode()[pri:0, instance:com.reqers.testcases.GET_DelayedResponse_TestCase@397fbdb]" started-at="2024-04-28T15:11:59 IST" name="checkStatusCode" finished-at="2024-04-28T15:11:59 IST" duration-ms="2" status="PASS">
          <reporter-output>
            <line>
              <![CDATA[Status Code is => 200]]>
            </line>
          </reporter-output>
        </test-method> <!-- checkStatusCode -->
        <test-method signature="checkStatusLine()[pri:0, instance:com.reqers.testcases.GET_DelayedResponse_TestCase@397fbdb]" started-at="2024-04-28T15:11:59 IST" name="checkStatusLine" finished-at="2024-04-28T15:11:59 IST" duration-ms="2" status="PASS">
          <reporter-output>
            <line>
              <![CDATA[Status Line is => HTTP/1.1 200 OK]]>
            </line>
          </reporter-output>
        </test-method> <!-- checkStatusLine -->
      </class> <!-- com.reqers.testcases.GET_DelayedResponse_TestCase -->
      <class name="com.reqers.testcases.POST_Registration_TestCase">
        <test-method is-config="true" signature="postRegistration()[pri:0, instance:com.reqers.testcases.POST_Registration_TestCase@515c6049]" started-at="2024-04-28T15:11:59 IST" name="postRegistration" finished-at="2024-04-28T15:12:05 IST" duration-ms="5493" status="PASS">
          <reporter-output>
          </reporter-output>
        </test-method> <!-- postRegistration -->
        <test-method signature="checkResponseBody()[pri:0, instance:com.reqers.testcases.POST_Registration_TestCase@515c6049]" started-at="2024-04-28T15:12:05 IST" name="checkResponseBody" finished-at="2024-04-28T15:12:05 IST" duration-ms="1" status="PASS">
          <reporter-output>
            <line>
              <![CDATA[Response Body is => io.restassured.internal.RestAssuredResponseImpl@4a9a878]]>
            </line>
          </reporter-output>
        </test-method> <!-- checkResponseBody -->
        <test-method signature="checkStatusCode()[pri:0, instance:com.reqers.testcases.POST_Registration_TestCase@515c6049]" started-at="2024-04-28T15:12:05 IST" name="checkStatusCode" finished-at="2024-04-28T15:12:05 IST" duration-ms="6" status="PASS">
          <reporter-output>
            <line>
              <![CDATA[Status Code is => 200]]>
            </line>
          </reporter-output>
        </test-method> <!-- checkStatusCode -->
        <test-method signature="checkStatusLine()[pri:0, instance:com.reqers.testcases.POST_Registration_TestCase@515c6049]" started-at="2024-04-28T15:12:05 IST" name="checkStatusLine" finished-at="2024-04-28T15:12:05 IST" duration-ms="2" status="PASS">
          <reporter-output>
            <line>
              <![CDATA[Status Line is => HTTP/1.1 200 OK]]>
            </line>
          </reporter-output>
        </test-method> <!-- checkStatusLine -->
      </class> <!-- com.reqers.testcases.POST_Registration_TestCase -->
      <class name="com.reqers.testcases.GET_UserList_TestCase">
        <test-method is-config="true" signature="getAllUsers()[pri:0, instance:com.reqers.testcases.GET_UserList_TestCase@639c2c1d]" started-at="2024-04-28T15:12:05 IST" name="getAllUsers" finished-at="2024-04-28T15:12:06 IST" duration-ms="1510" status="PASS">
          <reporter-output>
          </reporter-output>
        </test-method> <!-- getAllUsers -->
        <test-method signature="checkContentType()[pri:0, instance:com.reqers.testcases.GET_UserList_TestCase@639c2c1d]" started-at="2024-04-28T15:12:06 IST" name="checkContentType" finished-at="2024-04-28T15:12:06 IST" duration-ms="2" status="PASS">
          <reporter-output>
            <line>
              <![CDATA[Content Type is => application/json]]>
            </line>
          </reporter-output>
        </test-method> <!-- checkContentType -->
        <test-method signature="checkResponseBody()[pri:0, instance:com.reqers.testcases.GET_UserList_TestCase@639c2c1d]" started-at="2024-04-28T15:12:06 IST" name="checkResponseBody" finished-at="2024-04-28T15:12:06 IST" duration-ms="2" status="PASS">
          <reporter-output>
            <line>
              <![CDATA[Response Body is => io.restassured.internal.RestAssuredResponseImpl@64e7d698]]>
            </line>
          </reporter-output>
        </test-method> <!-- checkResponseBody -->
        <test-method signature="checkResponseTime()[pri:0, instance:com.reqers.testcases.GET_UserList_TestCase@639c2c1d]" started-at="2024-04-28T15:12:06 IST" name="checkResponseTime" finished-at="2024-04-28T15:12:06 IST" duration-ms="2" status="PASS">
          <reporter-output>
            <line>
              <![CDATA[Response Time is => 1491]]>
            </line>
            <line>
              <![CDATA[Response Time is < 2000 ]]>
            </line>
          </reporter-output>
        </test-method> <!-- checkResponseTime -->
        <test-method signature="checkServerType()[pri:0, instance:com.reqers.testcases.GET_UserList_TestCase@639c2c1d]" started-at="2024-04-28T15:12:06 IST" name="checkServerType" finished-at="2024-04-28T15:12:06 IST" duration-ms="1" status="PASS">
          <reporter-output>
            <line>
              <![CDATA[Server Type is => nginx/1.21.6]]>
            </line>
          </reporter-output>
        </test-method> <!-- checkServerType -->
        <test-method signature="checkStatusCode()[pri:0, instance:com.reqers.testcases.GET_UserList_TestCase@639c2c1d]" started-at="2024-04-28T15:12:06 IST" name="checkStatusCode" finished-at="2024-04-28T15:12:06 IST" duration-ms="1" status="PASS">
          <reporter-output>
            <line>
              <![CDATA[Status Code is => 200]]>
            </line>
          </reporter-output>
        </test-method> <!-- checkStatusCode -->
        <test-method signature="checkStatusLine()[pri:0, instance:com.reqers.testcases.GET_UserList_TestCase@639c2c1d]" started-at="2024-04-28T15:12:06 IST" name="checkStatusLine" finished-at="2024-04-28T15:12:06 IST" duration-ms="4" status="PASS">
          <reporter-output>
            <line>
              <![CDATA[Status Line is => HTTP/1.1 200 OK]]>
            </line>
          </reporter-output>
        </test-method> <!-- checkStatusLine -->
      </class> <!-- com.reqers.testcases.GET_UserList_TestCase -->
      <class name="com.reqers.testcases.PUT_UpdateUser_TestCase">
        <test-method is-config="true" signature="postNewUsers()[pri:0, instance:com.reqers.testcases.PUT_UpdateUser_TestCase@5fe94a96]" started-at="2024-04-28T15:12:06 IST" name="postNewUsers" finished-at="2024-04-28T15:12:12 IST" duration-ms="5489" status="PASS">
          <reporter-output>
          </reporter-output>
        </test-method> <!-- postNewUsers -->
        <test-method signature="checkResponseBody()[pri:0, instance:com.reqers.testcases.PUT_UpdateUser_TestCase@5fe94a96]" started-at="2024-04-28T15:12:12 IST" name="checkResponseBody" finished-at="2024-04-28T15:12:12 IST" duration-ms="2" status="PASS">
          <reporter-output>
            <line>
              <![CDATA[Response Body is => io.restassured.internal.RestAssuredResponseImpl@63fd4dda]]>
            </line>
          </reporter-output>
        </test-method> <!-- checkResponseBody -->
        <test-method signature="checkStatusCode()[pri:0, instance:com.reqers.testcases.PUT_UpdateUser_TestCase@5fe94a96]" started-at="2024-04-28T15:12:12 IST" name="checkStatusCode" finished-at="2024-04-28T15:12:12 IST" duration-ms="2" status="PASS">
          <reporter-output>
            <line>
              <![CDATA[Status Code is => 200]]>
            </line>
          </reporter-output>
        </test-method> <!-- checkStatusCode -->
        <test-method signature="checkStatusLine()[pri:0, instance:com.reqers.testcases.PUT_UpdateUser_TestCase@5fe94a96]" started-at="2024-04-28T15:12:12 IST" name="checkStatusLine" finished-at="2024-04-28T15:12:12 IST" duration-ms="8" status="PASS">
          <reporter-output>
            <line>
              <![CDATA[Status Line is => HTTP/1.1 200 OK]]>
            </line>
          </reporter-output>
        </test-method> <!-- checkStatusLine -->
      </class> <!-- com.reqers.testcases.PUT_UpdateUser_TestCase -->
      <class name="com.reqers.testcases.POST_RegistrationFail_TestCase">
        <test-method is-config="true" signature="postRegistration()[pri:0, instance:com.reqers.testcases.POST_RegistrationFail_TestCase@443118b0]" started-at="2024-04-28T15:12:12 IST" name="postRegistration" finished-at="2024-04-28T15:12:17 IST" duration-ms="5437" status="PASS">
          <reporter-output>
          </reporter-output>
        </test-method> <!-- postRegistration -->
        <test-method signature="checkResponseBody()[pri:0, instance:com.reqers.testcases.POST_RegistrationFail_TestCase@443118b0]" started-at="2024-04-28T15:12:17 IST" name="checkResponseBody" finished-at="2024-04-28T15:12:17 IST" duration-ms="3" status="PASS">
          <reporter-output>
            <line>
              <![CDATA[Response Body is => io.restassured.internal.RestAssuredResponseImpl@11d4d979]]>
            </line>
          </reporter-output>
        </test-method> <!-- checkResponseBody -->
        <test-method signature="checkStatusCode()[pri:0, instance:com.reqers.testcases.POST_RegistrationFail_TestCase@443118b0]" started-at="2024-04-28T15:12:17 IST" name="checkStatusCode" finished-at="2024-04-28T15:12:17 IST" duration-ms="2" status="PASS">
          <reporter-output>
            <line>
              <![CDATA[Status Code is => 400]]>
            </line>
          </reporter-output>
        </test-method> <!-- checkStatusCode -->
        <test-method signature="checkStatusLine()[pri:0, instance:com.reqers.testcases.POST_RegistrationFail_TestCase@443118b0]" started-at="2024-04-28T15:12:17 IST" name="checkStatusLine" finished-at="2024-04-28T15:12:17 IST" duration-ms="7" status="PASS">
          <reporter-output>
            <line>
              <![CDATA[Status Line is => HTTP/1.1 400 Bad Request]]>
            </line>
          </reporter-output>
        </test-method> <!-- checkStatusLine -->
      </class> <!-- com.reqers.testcases.POST_RegistrationFail_TestCase -->
      <class name="com.reqers.testcases.GET_SingleUser_TestCase">
        <test-method is-config="true" signature="getAllUsers()[pri:0, instance:com.reqers.testcases.GET_SingleUser_TestCase@765d7657]" started-at="2024-04-28T15:12:17 IST" name="getAllUsers" finished-at="2024-04-28T15:12:18 IST" duration-ms="117" status="PASS">
          <reporter-output>
          </reporter-output>
        </test-method> <!-- getAllUsers -->
        <test-method signature="checkContentType()[pri:0, instance:com.reqers.testcases.GET_SingleUser_TestCase@765d7657]" started-at="2024-04-28T15:12:18 IST" name="checkContentType" finished-at="2024-04-28T15:12:18 IST" duration-ms="2" status="PASS">
          <reporter-output>
            <line>
              <![CDATA[Content Type is => application/json; charset=utf-8]]>
            </line>
          </reporter-output>
        </test-method> <!-- checkContentType -->
        <test-method signature="checkResponseBody()[pri:0, instance:com.reqers.testcases.GET_SingleUser_TestCase@765d7657]" started-at="2024-04-28T15:12:18 IST" name="checkResponseBody" finished-at="2024-04-28T15:12:18 IST" duration-ms="2" status="PASS">
          <reporter-output>
            <line>
              <![CDATA[Response Body is => io.restassured.internal.RestAssuredResponseImpl@467045c4]]>
            </line>
          </reporter-output>
        </test-method> <!-- checkResponseBody -->
        <test-method signature="checkResponseTime()[pri:0, instance:com.reqers.testcases.GET_SingleUser_TestCase@765d7657]" started-at="2024-04-28T15:12:18 IST" name="checkResponseTime" finished-at="2024-04-28T15:12:18 IST" duration-ms="2" status="PASS">
          <reporter-output>
            <line>
              <![CDATA[Response Time is => 108]]>
            </line>
            <line>
              <![CDATA[Response Time is < 2000 ]]>
            </line>
          </reporter-output>
        </test-method> <!-- checkResponseTime -->
        <test-method signature="checkServerType()[pri:0, instance:com.reqers.testcases.GET_SingleUser_TestCase@765d7657]" started-at="2024-04-28T15:12:18 IST" name="checkServerType" finished-at="2024-04-28T15:12:18 IST" duration-ms="2" status="PASS">
          <reporter-output>
            <line>
              <![CDATA[Server Type is => cloudflare]]>
            </line>
          </reporter-output>
        </test-method> <!-- checkServerType -->
        <test-method signature="checkStatusCode()[pri:0, instance:com.reqers.testcases.GET_SingleUser_TestCase@765d7657]" started-at="2024-04-28T15:12:18 IST" name="checkStatusCode" finished-at="2024-04-28T15:12:18 IST" duration-ms="1" status="PASS">
          <reporter-output>
            <line>
              <![CDATA[Status Code is => 200]]>
            </line>
          </reporter-output>
        </test-method> <!-- checkStatusCode -->
        <test-method signature="checkStatusLine()[pri:0, instance:com.reqers.testcases.GET_SingleUser_TestCase@765d7657]" started-at="2024-04-28T15:12:18 IST" name="checkStatusLine" finished-at="2024-04-28T15:12:18 IST" duration-ms="1" status="PASS">
          <reporter-output>
            <line>
              <![CDATA[Status Line is => HTTP/1.1 200 OK]]>
            </line>
          </reporter-output>
        </test-method> <!-- checkStatusLine -->
      </class> <!-- com.reqers.testcases.GET_SingleUser_TestCase -->
      <class name="com.reqers.testcases.POST_Login_TestCase">
        <test-method is-config="true" signature="postLogin()[pri:0, instance:com.reqers.testcases.POST_Login_TestCase@74235045]" started-at="2024-04-28T15:12:18 IST" name="postLogin" finished-at="2024-04-28T15:12:23 IST" duration-ms="5493" status="PASS">
          <reporter-output>
          </reporter-output>
        </test-method> <!-- postLogin -->
        <test-method signature="checkResponseBody()[pri:0, instance:com.reqers.testcases.POST_Login_TestCase@74235045]" started-at="2024-04-28T15:12:23 IST" name="checkResponseBody" finished-at="2024-04-28T15:12:23 IST" duration-ms="2" status="PASS">
          <reporter-output>
            <line>
              <![CDATA[Response Body is => io.restassured.internal.RestAssuredResponseImpl@4017fe2c]]>
            </line>
          </reporter-output>
        </test-method> <!-- checkResponseBody -->
        <test-method signature="checkStatusCode()[pri:0, instance:com.reqers.testcases.POST_Login_TestCase@74235045]" started-at="2024-04-28T15:12:23 IST" name="checkStatusCode" finished-at="2024-04-28T15:12:23 IST" duration-ms="1" status="PASS">
          <reporter-output>
            <line>
              <![CDATA[Status Code is => 200]]>
            </line>
          </reporter-output>
        </test-method> <!-- checkStatusCode -->
        <test-method signature="checkStatusLine()[pri:0, instance:com.reqers.testcases.POST_Login_TestCase@74235045]" started-at="2024-04-28T15:12:23 IST" name="checkStatusLine" finished-at="2024-04-28T15:12:23 IST" duration-ms="1" status="PASS">
          <reporter-output>
            <line>
              <![CDATA[Status Line is => HTTP/1.1 200 OK]]>
            </line>
          </reporter-output>
        </test-method> <!-- checkStatusLine -->
      </class> <!-- com.reqers.testcases.POST_Login_TestCase -->
      <class name="com.reqers.testcases.GET_SingleResource_TestCase">
        <test-method is-config="true" signature="getAllUsers()[pri:0, instance:com.reqers.testcases.GET_SingleResource_TestCase@618b19ad]" started-at="2024-04-28T15:12:23 IST" name="getAllUsers" finished-at="2024-04-28T15:12:23 IST" duration-ms="436" status="PASS">
          <reporter-output>
          </reporter-output>
        </test-method> <!-- getAllUsers -->
        <test-method signature="checkContentType()[pri:0, instance:com.reqers.testcases.GET_SingleResource_TestCase@618b19ad]" started-at="2024-04-28T15:12:23 IST" name="checkContentType" finished-at="2024-04-28T15:12:23 IST" duration-ms="2" status="PASS">
          <reporter-output>
            <line>
              <![CDATA[Content Type is => application/json; charset=utf-8]]>
            </line>
          </reporter-output>
        </test-method> <!-- checkContentType -->
        <test-method signature="checkResponseBody()[pri:0, instance:com.reqers.testcases.GET_SingleResource_TestCase@618b19ad]" started-at="2024-04-28T15:12:23 IST" name="checkResponseBody" finished-at="2024-04-28T15:12:23 IST" duration-ms="3" status="PASS">
          <reporter-output>
            <line>
              <![CDATA[Response Body is => io.restassured.internal.RestAssuredResponseImpl@6274f21c]]>
            </line>
          </reporter-output>
        </test-method> <!-- checkResponseBody -->
        <test-method signature="checkResponseTime()[pri:0, instance:com.reqers.testcases.GET_SingleResource_TestCase@618b19ad]" started-at="2024-04-28T15:12:23 IST" name="checkResponseTime" finished-at="2024-04-28T15:12:23 IST" duration-ms="2" status="PASS">
          <reporter-output>
            <line>
              <![CDATA[Response Time is => 417]]>
            </line>
            <line>
              <![CDATA[Response Time is < 2000 ]]>
            </line>
          </reporter-output>
        </test-method> <!-- checkResponseTime -->
        <test-method signature="checkServerType()[pri:0, instance:com.reqers.testcases.GET_SingleResource_TestCase@618b19ad]" started-at="2024-04-28T15:12:23 IST" name="checkServerType" finished-at="2024-04-28T15:12:23 IST" duration-ms="2" status="PASS">
          <reporter-output>
            <line>
              <![CDATA[Server Type is => cloudflare]]>
            </line>
          </reporter-output>
        </test-method> <!-- checkServerType -->
        <test-method signature="checkStatusCode()[pri:0, instance:com.reqers.testcases.GET_SingleResource_TestCase@618b19ad]" started-at="2024-04-28T15:12:23 IST" name="checkStatusCode" finished-at="2024-04-28T15:12:23 IST" duration-ms="3" status="PASS">
          <reporter-output>
            <line>
              <![CDATA[Status Code is => 200]]>
            </line>
          </reporter-output>
        </test-method> <!-- checkStatusCode -->
        <test-method signature="checkStatusLine()[pri:0, instance:com.reqers.testcases.GET_SingleResource_TestCase@618b19ad]" started-at="2024-04-28T15:12:23 IST" name="checkStatusLine" finished-at="2024-04-28T15:12:23 IST" duration-ms="1" status="PASS">
          <reporter-output>
            <line>
              <![CDATA[Status Line is => HTTP/1.1 200 OK]]>
            </line>
          </reporter-output>
        </test-method> <!-- checkStatusLine -->
      </class> <!-- com.reqers.testcases.GET_SingleResource_TestCase -->
    </test> <!-- Default test -->
  </suite> <!-- Default suite -->
</testng-results>
